<?xml version="1.0" encoding="UTF-8" ?>
<testsuite tests="2" failures="1" name="api.runners.TestRunner" time="2.63" errors="1" skipped="0">
  <properties>
[...]
</properties>
  <testcase classname="API Tests" name="GET request to retrieve the token" time="2.304">
    <failure type="java.lang.AssertionError">java.lang.AssertionError
	at org.junit.Assert.fail(Assert.java:87)
	at org.junit.Assert.assertTrue(Assert.java:42)
	at org.junit.Assert.assertTrue(Assert.java:53)
	at api.stepdefinitions.ApiTestSetup.verifyToken(ApiTestSetup.java:79)
	at ✽.the response body should contain the token(file:///C:/Users/navjot/AndroidStudioProjects/OpenHIEDemo/src/test/java/api/features/demoTest.feature:17)
</failure>
    <system-out>Given called
TokeN:null
Then called: 0
</system-out>
  </testcase>
  <testcase classname="API Tests" name="GET request to retrieve user information" time="0.326">
    <error message="Cannot invoke &quot;io.restassured.response.Response.asString()&quot; because &quot;this.response&quot; is null" type="java.lang.NullPointerException">java.lang.NullPointerException: Cannot invoke &quot;io.restassured.response.Response.asString()&quot; because &quot;this.response&quot; is null
	at api.stepdefinitions.ApiTestSetup.verifyResponseStatusCode(ApiTestSetup.java:53)
	at ✽.the response status code should be 200(file:///C:/Users/navjot/AndroidStudioProjects/OpenHIEDemo/src/test/java/api/features/demoTest.feature:28)
</error>
    <system-out>Given called
When called
</system-out>
  </testcase>
</testsuite>